<?xml version="1.0" encoding="utf-8"?><testsuites name="pytest tests"><testsuite name="pytest" errors="0" failures="0" skipped="0" tests="22" time="28.201" timestamp="2026-08-07T12:38:40.547460+00:00" hostname="agent-env-6f4561ff-4cf3-47f4-8b1f-8033c324ba80"><testcase classname="tests.test_challenges.TestListAudioDelete" name="test_list_requires_auth" time="0.720" /><testcase classname="tests.test_challenges.TestAttemptEachChallenge" name="test_sustained_vowel" time="2.788" /><testcase classname="tests.test_challenges.TestListAudioDelete" name="test_list_owner_only" time="3.941" /><testcase classname="tests.test_challenges.TestAttemptEachChallenge" name="test_mpt_8s_alert_or_warn" time="3.271" /><testcase classname="tests.test_challenges.TestListAudioDelete" name="test_list_filter_patient" time="0.065" /><testcase classname="tests.test_challenges.TestListAudioDelete" name="test_audio_owner_ok" time="2.838" /><testcase classname="tests.test_challenges.TestAttemptEachChallenge" name="test_glissando_100_to_400_hz" time="5.948" /><testcase classname="tests.test_challenges.TestListAudioDelete" name="test_audio_non_owner_forbidden" time="1.586" /><testcase classname="tests.test_challenges.TestListAudioDelete" name="test_audio_unknown_404" time="1.649" /><testcase classname="tests.test_challenges.TestListAudioDelete" name="test_delete_non_owner_forbidden" time="3.913" /><testcase classname="tests.test_challenges.TestAttemptEachChallenge" name="test_ddk_pataka" time="1.046" /><testcase classname="tests.test_challenges.TestAttemptEachChallenge" name="test_loudness_range" time="0.744" /><testcase classname="tests.test_challenges.TestAttemptEachChallenge" name="test_sz_ratio" time="1.499" /><testcase classname="tests.test_challenges.TestListAudioDelete" name="test_delete_unknown_404" time="0.658" /><testcase classname="tests.test_challenges.TestAttemptEachChallenge" name="test_reading" time="4.006" /><testcase classname="tests.test_challenges.TestListAudioDelete" name="test_delete_owner_ok" time="0.981" /><testcase classname="tests.test_challenges.TestCatalog" name="test_catalog_requires_auth" time="4.208" /><testcase classname="tests.test_challenges.TestAttemptValidation" name="test_requires_auth" time="1.977" /><testcase classname="tests.test_challenges.TestCatalog" name="test_catalog_returns_seven" time="6.737" /><testcase classname="tests.test_challenges.TestAttemptValidation" name="test_unknown_challenge_type_400" time="1.134" /><testcase classname="tests.test_challenges.TestAttemptValidation" name="test_unknown_patient_404" time="1.378" /><testcase classname="tests.test_challenges.TestAttemptValidation" name="test_non_doctor_forbidden" time="3.884" /></testsuite></testsuites>