<?xml version="1.0" encoding="utf-8"?><testsuites name="pytest tests"><testsuite name="pytest" errors="0" failures="1" skipped="0" tests="50" time="63.900" timestamp="2026-08-07T12:53:54.798815+00:00" hostname="agent-env-6f4561ff-4cf3-47f4-8b1f-8033c324ba80"><testcase classname="tests.backend_test.TestRegression" name="test_patients_list" time="0.141" /><testcase classname="tests.test_challenges.TestListAudioDelete" name="test_list_requires_auth" time="0.141" /><testcase classname="tests.test_challenges.TestListAudioDelete" name="test_list_owner_only" time="0.617" /><testcase classname="tests.backend_test.TestRegression" name="test_patient_create_and_get" time="0.394" /><testcase classname="tests.backend_test.TestRegression" name="test_appointments_list" time="0.057" /><testcase classname="tests.backend_test.TestRegression" name="test_records_list" time="0.100" /><testcase classname="tests.backend_test.TestRegression" name="test_activities_generate_sse" time="2.260" /><testcase classname="tests.test_challenges.TestListAudioDelete" name="test_list_filter_patient" time="0.064" /><testcase classname="tests.test_challenges.TestListAudioDelete" name="test_audio_owner_ok" time="0.401" /><testcase classname="tests.test_challenges.TestListAudioDelete" name="test_audio_non_owner_forbidden" time="0.410" /><testcase classname="tests.test_challenges.TestListAudioDelete" name="test_audio_unknown_404" time="0.060" /><testcase classname="tests.test_challenges.TestListAudioDelete" name="test_delete_non_owner_forbidden" time="0.386" /><testcase classname="tests.test_challenges.TestListAudioDelete" name="test_delete_unknown_404" time="0.062" /><testcase classname="tests.test_challenges.TestListAudioDelete" name="test_delete_owner_ok" time="0.406" /><testcase classname="tests.test_challenges.TestAttemptEachChallenge" name="test_sustained_vowel" time="0.421" /><testcase classname="tests.backend_test.TestRegression" name="test_reports_generate_sse" time="41.660" /><testcase classname="tests.test_challenges.TestAttemptEachChallenge" name="test_mpt_8s_alert_or_warn" time="0.675" /><testcase classname="tests.test_challenges.TestAttemptEachChallenge" name="test_glissando_100_to_400_hz" time="0.263" /><testcase classname="tests.test_challenges.TestAttemptEachChallenge" name="test_ddk_pataka" time="0.229" /><testcase classname="tests.test_challenges.TestAttemptEachChallenge" name="test_loudness_range" time="0.217" /><testcase classname="tests.test_challenges.TestAttemptEachChallenge" name="test_sz_ratio" time="0.181" /><testcase classname="tests.test_challenges.TestAttemptEachChallenge" name="test_reading" time="0.975" /><testcase classname="tests.backend_test.TestVoiceUpload" name="test_upload_requires_auth" time="0.235" /><testcase classname="tests.backend_test.TestVoiceUpload" name="test_upload_sine_wave_returns_metrics" time="0.472" /><testcase classname="tests.backend_test.TestVoiceUpload" name="test_upload_rejects_small_file" time="0.051" /><testcase classname="tests.backend_test.TestVoiceUpload" name="test_upload_rejects_unknown_patient" time="0.066" /><testcase classname="tests.backend_test.TestVoiceList" name="test_list_requires_auth" time="0.106" /><testcase classname="tests.backend_test.TestVoiceList" name="test_list_returns_array" time="0.049" /><testcase classname="tests.backend_test.TestVoiceList" name="test_list_filter_by_patient" time="0.262" /><testcase classname="tests.backend_test.TestVoiceList" name="test_list_filter_other_patient_empty" time="0.047" /><testcase classname="tests.test_challenges.TestAttemptValidation" name="test_requires_auth" time="0.292" /><testcase classname="tests.test_challenges.TestAttemptValidation" name="test_unknown_challenge_type_400" time="0.131" /><testcase classname="tests.test_challenges.TestAttemptValidation" name="test_unknown_patient_404" time="0.061" /><testcase classname="tests.test_challenges.TestAttemptValidation" name="test_non_doctor_forbidden" time="0.268" /><testcase classname="tests.backend_test.TestVoiceGet" name="test_get_unknown_returns_404" time="0.048" /><testcase classname="tests.backend_test.TestVoiceGet" name="test_get_by_owner_returns_full_doc" time="0.048" /><testcase classname="tests.backend_test.TestVoiceGet" name="test_get_by_non_owner_forbidden" time="0.110" /><testcase classname="tests.backend_test.TestVoiceDownload" name="test_download_owner" time="0.088" /><testcase classname="tests.backend_test.TestVoiceDownload" name="test_download_unknown_404" time="0.047" /><testcase classname="tests.backend_test.TestVoiceDelete" name="test_delete_owner_removes_doc_and_file" time="0.497" /><testcase classname="tests.backend_test.TestVoiceDelete" name="test_delete_non_owner_forbidden" time="0.468" /><testcase classname="tests.test_challenges.TestCatalog" name="test_catalog_requires_auth" time="0.106" /><testcase classname="tests.test_challenges.TestCatalog" name="test_catalog_returns_seven" time="0.208" /><testcase classname="tests.backend_test.TestVoiceReport" name="test_report_stream_and_persist" time="53.466"><failure message="assert 404 == 200&#10; +  where 404 = &lt;Response [404]&gt;.status_code">tests/backend_test.py:330: in test_report_stream_and_persist
    assert r2.status_code == 200
E   assert 404 == 200
E    +  where 404 = &lt;Response [404]&gt;.status_code</failure></testcase><testcase classname="tests.backend_test.TestRegression" name="test_copilot_chat_sse" time="1.705" /><testcase classname="tests.backend_test.TestCORS" name="test_preflight_allowed_origin_backend_direct" time="0.002" /><testcase classname="tests.backend_test.TestCORS" name="test_preflight_disallowed_origin_backend_direct" time="0.001" /><testcase classname="tests.backend_test.TestCORS" name="test_preview_regex_origin_backend_direct" time="0.001" /><testcase classname="tests.backend_test.TestCORS" name="test_actual_get_from_allowed_origin_backend_direct" time="0.205" /><testcase classname="tests.backend_test.TestStorage" name="test_local_storage_used_when_no_gcs" time="0.626" /></testsuite></testsuites>