<?xml version="1.0" encoding="utf-8"?><testsuites name="pytest tests"><testsuite name="pytest" errors="0" failures="0" skipped="0" tests="50" time="135.727" timestamp="2026-08-07T12:39:12.983363+00:00" hostname="agent-env-6f4561ff-4cf3-47f4-8b1f-8033c324ba80"><testcase classname="tests.backend_test.TestRegression" name="test_patients_list" time="3.897" /><testcase classname="tests.test_challenges.TestListAudioDelete" name="test_list_requires_auth" time="2.142" /><testcase classname="tests.test_challenges.TestListAudioDelete" name="test_list_owner_only" time="2.893" /><testcase classname="tests.backend_test.TestRegression" name="test_patient_create_and_get" time="1.486" /><testcase classname="tests.test_challenges.TestListAudioDelete" name="test_list_filter_patient" time="0.084" /><testcase classname="tests.test_challenges.TestListAudioDelete" name="test_audio_owner_ok" time="3.566" /><testcase classname="tests.backend_test.TestRegression" name="test_appointments_list" time="0.063" /><testcase classname="tests.backend_test.TestRegression" name="test_records_list" time="1.855" /><testcase classname="tests.backend_test.TestRegression" name="test_activities_generate_sse" time="38.410" /><testcase classname="tests.test_challenges.TestListAudioDelete" name="test_audio_non_owner_forbidden" time="2.055" /><testcase classname="tests.test_challenges.TestListAudioDelete" name="test_audio_unknown_404" time="0.319" /><testcase classname="tests.test_challenges.TestListAudioDelete" name="test_delete_non_owner_forbidden" time="2.550" /><testcase classname="tests.test_challenges.TestListAudioDelete" name="test_delete_unknown_404" time="0.056" /><testcase classname="tests.test_challenges.TestListAudioDelete" name="test_delete_owner_ok" time="2.350" /><testcase classname="tests.test_challenges.TestAttemptEachChallenge" name="test_sustained_vowel" time="0.994" /><testcase classname="tests.test_challenges.TestAttemptEachChallenge" name="test_mpt_8s_alert_or_warn" time="2.408" /><testcase classname="tests.test_challenges.TestAttemptEachChallenge" name="test_glissando_100_to_400_hz" time="2.406" /><testcase classname="tests.test_challenges.TestAttemptEachChallenge" name="test_ddk_pataka" time="1.684" /><testcase classname="tests.test_challenges.TestAttemptEachChallenge" name="test_loudness_range" time="3.272" /><testcase classname="tests.test_challenges.TestAttemptEachChallenge" name="test_sz_ratio" time="3.448" /><testcase classname="tests.test_challenges.TestAttemptEachChallenge" name="test_reading" time="9.997" /><testcase classname="tests.backend_test.TestCORS" name="test_preflight_allowed_origin_backend_direct" time="0.002" /><testcase classname="tests.backend_test.TestCORS" name="test_preflight_disallowed_origin_backend_direct" time="0.001" /><testcase classname="tests.backend_test.TestCORS" name="test_preview_regex_origin_backend_direct" time="0.001" /><testcase classname="tests.backend_test.TestCORS" name="test_actual_get_from_allowed_origin_backend_direct" time="0.003" /><testcase classname="tests.backend_test.TestVoiceUpload" name="test_upload_requires_auth" time="0.795" /><testcase classname="tests.backend_test.TestVoiceUpload" name="test_upload_sine_wave_returns_metrics" time="3.390" /><testcase classname="tests.backend_test.TestVoiceUpload" name="test_upload_rejects_small_file" time="0.508" /><testcase classname="tests.backend_test.TestVoiceUpload" name="test_upload_rejects_unknown_patient" time="0.808" /><testcase classname="tests.backend_test.TestRegression" name="test_reports_generate_sse" time="47.119" /><testcase classname="tests.backend_test.TestVoiceList" name="test_list_requires_auth" time="1.198" /><testcase classname="tests.backend_test.TestVoiceList" name="test_list_returns_array" time="1.185" /><testcase classname="tests.backend_test.TestVoiceList" name="test_list_filter_by_patient" time="0.084" /><testcase classname="tests.backend_test.TestVoiceList" name="test_list_filter_other_patient_empty" time="0.060" /><testcase classname="tests.backend_test.TestVoiceGet" name="test_get_unknown_returns_404" time="0.967" /><testcase classname="tests.backend_test.TestVoiceGet" name="test_get_by_owner_returns_full_doc" time="0.551" /><testcase classname="tests.backend_test.TestVoiceGet" name="test_get_by_non_owner_forbidden" time="3.373" /><testcase classname="tests.backend_test.TestVoiceDownload" name="test_download_owner" time="1.165" /><testcase classname="tests.backend_test.TestVoiceDownload" name="test_download_unknown_404" time="0.060" /><testcase classname="tests.backend_test.TestVoiceDelete" name="test_delete_owner_removes_doc_and_file" time="1.816" /><testcase classname="tests.backend_test.TestVoiceDelete" name="test_delete_non_owner_forbidden" time="1.807" /><testcase classname="tests.test_challenges.TestCatalog" name="test_catalog_requires_auth" time="1.140" /><testcase classname="tests.test_challenges.TestCatalog" name="test_catalog_returns_seven" time="0.489" /><testcase classname="tests.backend_test.TestVoiceReport" name="test_report_stream_and_persist" time="53.560" /><testcase classname="tests.backend_test.TestRegression" name="test_copilot_chat_sse" time="20.007" /><testcase classname="tests.test_challenges.TestAttemptValidation" name="test_requires_auth" time="8.370" /><testcase classname="tests.backend_test.TestStorage" name="test_local_storage_used_when_no_gcs" time="1.611" /><testcase classname="tests.test_challenges.TestAttemptValidation" name="test_unknown_challenge_type_400" time="5.624" /><testcase classname="tests.test_challenges.TestAttemptValidation" name="test_unknown_patient_404" time="1.025" /><testcase classname="tests.test_challenges.TestAttemptValidation" name="test_non_doctor_forbidden" time="7.346" /></testsuite></testsuites>