<?xml version="1.0" encoding="utf-8"?><testsuites name="pytest tests"><testsuite name="pytest" errors="0" failures="0" skipped="0" tests="28" time="109.360" timestamp="2026-07-04T16:06:44.831284+00:00" hostname="agent-env-6f4561ff-4cf3-47f4-8b1f-8033c324ba80"><testcase classname="tests.backend_test.TestCORS" name="test_preflight_allowed_origin_backend_direct" time="0.003" /><testcase classname="tests.backend_test.TestCORS" name="test_preflight_disallowed_origin_backend_direct" time="0.002" /><testcase classname="tests.backend_test.TestCORS" name="test_preview_regex_origin_backend_direct" time="0.001" /><testcase classname="tests.backend_test.TestCORS" name="test_actual_get_from_allowed_origin_backend_direct" time="0.003" /><testcase classname="tests.backend_test.TestVoiceUpload" name="test_upload_requires_auth" time="0.301" /><testcase classname="tests.backend_test.TestVoiceUpload" name="test_upload_sine_wave_returns_metrics" time="0.559" /><testcase classname="tests.backend_test.TestVoiceUpload" name="test_upload_rejects_small_file" time="0.045" /><testcase classname="tests.backend_test.TestVoiceUpload" name="test_upload_rejects_unknown_patient" time="0.078" /><testcase classname="tests.backend_test.TestVoiceList" name="test_list_requires_auth" time="0.103" /><testcase classname="tests.backend_test.TestVoiceList" name="test_list_returns_array" time="0.048" /><testcase classname="tests.backend_test.TestVoiceList" name="test_list_filter_by_patient" time="0.046" /><testcase classname="tests.backend_test.TestVoiceList" name="test_list_filter_other_patient_empty" time="0.493" /><testcase classname="tests.backend_test.TestVoiceGet" name="test_get_unknown_returns_404" time="0.050" /><testcase classname="tests.backend_test.TestVoiceGet" name="test_get_by_owner_returns_full_doc" time="0.046" /><testcase classname="tests.backend_test.TestVoiceGet" name="test_get_by_non_owner_forbidden" time="0.134" /><testcase classname="tests.backend_test.TestVoiceDownload" name="test_download_owner" time="0.067" /><testcase classname="tests.backend_test.TestVoiceDownload" name="test_download_unknown_404" time="0.042" /><testcase classname="tests.backend_test.TestVoiceReport" name="test_report_stream_and_persist" time="47.831" /><testcase classname="tests.backend_test.TestVoiceDelete" name="test_delete_owner_removes_doc_and_file" time="0.557" /><testcase classname="tests.backend_test.TestVoiceDelete" name="test_delete_non_owner_forbidden" time="0.466" /><testcase classname="tests.backend_test.TestStorage" name="test_local_storage_used_when_no_gcs" time="0.376" /><testcase classname="tests.backend_test.TestRegression" name="test_patients_list" time="0.051" /><testcase classname="tests.backend_test.TestRegression" name="test_patient_create_and_get" time="0.135" /><testcase classname="tests.backend_test.TestRegression" name="test_appointments_list" time="0.050" /><testcase classname="tests.backend_test.TestRegression" name="test_records_list" time="0.049" /><testcase classname="tests.backend_test.TestRegression" name="test_activities_generate_sse" time="4.078" /><testcase classname="tests.backend_test.TestRegression" name="test_reports_generate_sse" time="51.481" /><testcase classname="tests.backend_test.TestRegression" name="test_copilot_chat_sse" time="2.114" /></testsuite></testsuites>